This is pdfTeX, Version 3.1415926-2.5-1.40.14 (TeX Live 2013/Debian) (format=pdflatex 2016.5.22)  23 DEC 2016 11:09
entering extended mode
 restricted \write18 enabled.
 %&-line parsing enabled.
**Transfert_de_style.tex
(./Transfert_de_style.tex
LaTeX2e <2011/06/27>
Babel <3.9h> and hyphenation patterns for 30 languages loaded.
(/usr/share/texlive/texmf-dist/tex/latex/base/article.cls
Document Class: article 2007/10/19 v1.4h Standard LaTeX document class
(/usr/share/texlive/texmf-dist/tex/latex/base/size10.clo
File: size10.clo 2007/10/19 v1.4h Standard LaTeX file (size option)
)
\c@part=\count79
\c@section=\count80
\c@subsection=\count81
\c@subsubsection=\count82
\c@paragraph=\count83
\c@subparagraph=\count84
\c@figure=\count85
\c@table=\count86
\abovecaptionskip=\skip41
\belowcaptionskip=\skip42
\bibindent=\dimen102
)
(/usr/share/texlive/texmf-dist/tex/latex/a4wide/a4wide.sty
Package: a4wide 1994/08/30

(/usr/share/texlive/texmf-dist/tex/latex/ntgclass/a4.sty
Package: a4 2004/04/15 v1.2g A4 based page layout
))
(/usr/share/texlive/texmf-dist/tex/latex/graphics/graphicx.sty
Package: graphicx 1999/02/16 v1.0f Enhanced LaTeX Graphics (DPC,SPQR)

(/usr/share/texlive/texmf-dist/tex/latex/graphics/keyval.sty
Package: keyval 1999/03/16 v1.13 key=value parser (DPC)
\KV@toks@=\toks14
)
(/usr/share/texlive/texmf-dist/tex/latex/graphics/graphics.sty
Package: graphics 2009/02/05 v1.0o Standard LaTeX Graphics (DPC,SPQR)

(/usr/share/texlive/texmf-dist/tex/latex/graphics/trig.sty
Package: trig 1999/03/16 v1.09 sin cos tan (DPC)
)
(/usr/share/texlive/texmf-dist/tex/latex/latexconfig/graphics.cfg
File: graphics.cfg 2010/04/23 v1.9 graphics configuration of TeX Live
)
Package graphics Info: Driver file: pdftex.def on input line 91.

(/usr/share/texlive/texmf-dist/tex/latex/pdftex-def/pdftex.def
File: pdftex.def 2011/05/27 v0.06d Graphics/color for pdfTeX

(/usr/share/texlive/texmf-dist/tex/generic/oberdiek/infwarerr.sty
Package: infwarerr 2010/04/08 v1.3 Providing info/warning/error messages (HO)
)
(/usr/share/texlive/texmf-dist/tex/generic/oberdiek/ltxcmds.sty
Package: ltxcmds 2011/11/09 v1.22 LaTeX kernel commands for general use (HO)
)
\Gread@gobject=\count87
))
\Gin@req@height=\dimen103
\Gin@req@width=\dimen104
)
(/usr/share/texlive/texmf-dist/tex/latex/caption/caption.sty
Package: caption 2013/05/02 v3.3-89 Customizing captions (AR)

(/usr/share/texlive/texmf-dist/tex/latex/caption/caption3.sty
Package: caption3 2013/05/02 v1.6-88 caption3 kernel (AR)
Package caption3 Info: TeX engine: e-TeX on input line 57.
\captionmargin=\dimen105
\captionmargin@=\dimen106
\captionwidth=\dimen107
\caption@tempdima=\dimen108
\caption@indent=\dimen109
\caption@parindent=\dimen110
\caption@hangindent=\dimen111
)
\c@ContinuedFloat=\count88
)
(/usr/share/texlive/texmf-dist/tex/latex/amsmath/amsmath.sty
Package: amsmath 2013/01/14 v2.14 AMS math features
\@mathmargin=\skip43

For additional information on amsmath, use the `?' option.
(/usr/share/texlive/texmf-dist/tex/latex/amsmath/amstext.sty
Package: amstext 2000/06/29 v2.01

(/usr/share/texlive/texmf-dist/tex/latex/amsmath/amsgen.sty
File: amsgen.sty 1999/11/30 v2.0
\@emptytoks=\toks15
\ex@=\dimen112
))
(/usr/share/texlive/texmf-dist/tex/latex/amsmath/amsbsy.sty
Package: amsbsy 1999/11/29 v1.2d
\pmbraise@=\dimen113
)
(/usr/share/texlive/texmf-dist/tex/latex/amsmath/amsopn.sty
Package: amsopn 1999/12/14 v2.01 operator names
)
\inf@bad=\count89
LaTeX Info: Redefining \frac on input line 210.
\uproot@=\count90
\leftroot@=\count91
LaTeX Info: Redefining \overline on input line 306.
\classnum@=\count92
\DOTSCASE@=\count93
LaTeX Info: Redefining \ldots on input line 378.
LaTeX Info: Redefining \dots on input line 381.
LaTeX Info: Redefining \cdots on input line 466.
\Mathstrutbox@=\box26
\strutbox@=\box27
\big@size=\dimen114
LaTeX Font Info:    Redeclaring font encoding OML on input line 566.
LaTeX Font Info:    Redeclaring font encoding OMS on input line 567.
\macc@depth=\count94
\c@MaxMatrixCols=\count95
\dotsspace@=\muskip10
\c@parentequation=\count96
\dspbrk@lvl=\count97
\tag@help=\toks16
\row@=\count98
\column@=\count99
\maxfields@=\count100
\andhelp@=\toks17
\eqnshift@=\dimen115
\alignsep@=\dimen116
\tagshift@=\dimen117
\tagwidth@=\dimen118
\totwidth@=\dimen119
\lineht@=\dimen120
\@envbody=\toks18
\multlinegap=\skip44
\multlinetaggap=\skip45
\mathdisplay@stack=\toks19
LaTeX Info: Redefining \[ on input line 2665.
LaTeX Info: Redefining \] on input line 2666.
)
(/usr/share/texlive/texmf-dist/tex/latex/caption/subcaption.sty
Package: subcaption 2013/02/03 v1.1-62 Sub-captions (AR)
\c@subfigure=\count101
\c@subtable=\count102
)
(/usr/share/texlive/texmf-dist/tex/latex/fancyhdr/fancyhdr.sty
\fancy@headwidth=\skip46
\f@ncyO@elh=\skip47
\f@ncyO@erh=\skip48
\f@ncyO@olh=\skip49
\f@ncyO@orh=\skip50
\f@ncyO@elf=\skip51
\f@ncyO@erf=\skip52
\f@ncyO@olf=\skip53
\f@ncyO@orf=\skip54
)
(/usr/share/texlive/texmf-dist/tex/latex/physics/physics.sty
Package: physics 

(/usr/share/texlive/texmf-dist/tex/latex/l3packages/xparse/xparse.sty
(/usr/share/texlive/texmf-dist/tex/latex/l3kernel/expl3.sty
(/usr/share/texlive/texmf-dist/tex/latex/l3kernel/l3names.sty
(/usr/share/texlive/texmf-dist/tex/latex/l3kernel/l3bootstrap.sty
Package: l3bootstrap 2014/01/04 v4640 L3 Experimental bootstrap code
)
Package: l3names 2014/01/04 v4640 L3 Namespace for primitives
)
(/usr/share/texlive/texmf-dist/tex/latex/etex-pkg/etex.sty
Package: etex 1998/03/26 v2.0 eTeX basic definition package (PEB)
\et@xins=\count103
)
Package: expl3 2014/01/07 v4646 L3 Experimental code bundle wrapper

(/usr/share/texlive/texmf-dist/tex/latex/l3kernel/l3basics.sty
Package: l3basics 2014/01/04 v4642 L3 Basic definitions
)
(/usr/share/texlive/texmf-dist/tex/latex/l3kernel/l3expan.sty
Package: l3expan 2014/01/04 v4642 L3 Argument expansion
)
(/usr/share/texlive/texmf-dist/tex/latex/l3kernel/l3tl.sty
Package: l3tl 2013/12/27 v4625 L3 Token lists
)
(/usr/share/texlive/texmf-dist/tex/latex/l3kernel/l3seq.sty
Package: l3seq 2013/12/14 v4623 L3 Sequences and stacks
)
(/usr/share/texlive/texmf-dist/tex/latex/l3kernel/l3int.sty
Package: l3int 2013/08/02 v4583 L3 Integers
\c_max_int=\count104
\l_tmpa_int=\count105
\l_tmpb_int=\count106
\g_tmpa_int=\count107
\g_tmpb_int=\count108
)
(/usr/share/texlive/texmf-dist/tex/latex/l3kernel/l3quark.sty
Package: l3quark 2013/12/14 v4623 L3 Quarks
)
(/usr/share/texlive/texmf-dist/tex/latex/l3kernel/l3prg.sty
Package: l3prg 2014/01/04 v4642 L3 Control structures
\g__prg_map_int=\count109
)
(/usr/share/texlive/texmf-dist/tex/latex/l3kernel/l3clist.sty
Package: l3clist 2013/07/28 v4581 L3 Comma separated lists
)
(/usr/share/texlive/texmf-dist/tex/latex/l3kernel/l3token.sty
Package: l3token 2013/08/25 v4587 L3 Experimental token manipulation
)
(/usr/share/texlive/texmf-dist/tex/latex/l3kernel/l3prop.sty
Package: l3prop 2013/12/14 v4623 L3 Property lists
)
(/usr/share/texlive/texmf-dist/tex/latex/l3kernel/l3msg.sty
Package: l3msg 2013/07/28 v4581 L3 Messages
)
(/usr/share/texlive/texmf-dist/tex/latex/l3kernel/l3file.sty
Package: l3file 2013/10/13 v4596 L3 File and I/O operations
\l_iow_line_count_int=\count110
\l__iow_target_count_int=\count111
\l__iow_current_line_int=\count112
\l__iow_current_word_int=\count113
\l__iow_current_indentation_int=\count114
)
(/usr/share/texlive/texmf-dist/tex/latex/l3kernel/l3skip.sty
Package: l3skip 2013/07/28 v4581 L3 Dimensions and skips
\c_zero_dim=\dimen121
\c_max_dim=\dimen122
\l_tmpa_dim=\dimen123
\l_tmpb_dim=\dimen124
\g_tmpa_dim=\dimen125
\g_tmpb_dim=\dimen126
\c_zero_skip=\skip55
\c_max_skip=\skip56
\l_tmpa_skip=\skip57
\l_tmpb_skip=\skip58
\g_tmpa_skip=\skip59
\g_tmpb_skip=\skip60
\c_zero_muskip=\muskip11
\c_max_muskip=\muskip12
\l_tmpa_muskip=\muskip13
\l_tmpb_muskip=\muskip14
\g_tmpa_muskip=\muskip15
\g_tmpb_muskip=\muskip16
)
(/usr/share/texlive/texmf-dist/tex/latex/l3kernel/l3keys.sty
Package: l3keys 2013/12/08 v4614 L3 Experimental key-value interfaces
\g__keyval_level_int=\count115
\l_keys_choice_int=\count116
)
(/usr/share/texlive/texmf-dist/tex/latex/l3kernel/l3fp.sty
Package: l3fp 2014/01/04 v4642 L3 Floating points
\c__fp_leading_shift_int=\count117
\c__fp_middle_shift_int=\count118
\c__fp_trailing_shift_int=\count119
\c__fp_big_leading_shift_int=\count120
\c__fp_big_middle_shift_int=\count121
\c__fp_big_trailing_shift_int=\count122
\c__fp_Bigg_leading_shift_int=\count123
\c__fp_Bigg_middle_shift_int=\count124
\c__fp_Bigg_trailing_shift_int=\count125
)
(/usr/share/texlive/texmf-dist/tex/latex/l3kernel/l3box.sty
Package: l3box 2013/07/28 v4581 L3 Experimental boxes
\c_empty_box=\box28
\l_tmpa_box=\box29
\l_tmpb_box=\box30
\g_tmpa_box=\box31
\g_tmpb_box=\box32
)
(/usr/share/texlive/texmf-dist/tex/latex/l3kernel/l3coffins.sty
Package: l3coffins 2013/12/14 v4624 L3 Coffin code layer
\l__coffin_internal_box=\box33
\l__coffin_internal_dim=\dimen127
\l__coffin_offset_x_dim=\dimen128
\l__coffin_offset_y_dim=\dimen129
\l__coffin_x_dim=\dimen130
\l__coffin_y_dim=\dimen131
\l__coffin_x_prime_dim=\dimen132
\l__coffin_y_prime_dim=\dimen133
\c_empty_coffin=\box34
\l__coffin_aligned_coffin=\box35
\l__coffin_aligned_internal_coffin=\box36
\l_tmpa_coffin=\box37
\l_tmpb_coffin=\box38
\l__coffin_display_coffin=\box39
\l__coffin_display_coord_coffin=\box40
\l__coffin_display_pole_coffin=\box41
\l__coffin_display_offset_dim=\dimen134
\l__coffin_display_x_dim=\dimen135
\l__coffin_display_y_dim=\dimen136
)
(/usr/share/texlive/texmf-dist/tex/latex/l3kernel/l3color.sty
Package: l3color 2012/08/29 v4156 L3 Experimental color support
)
(/usr/share/texlive/texmf-dist/tex/latex/l3kernel/l3luatex.sty
Package: l3luatex 2013/07/28 v4581 L3 Experimental LuaTeX-specific functions
\g__cctab_allocate_int=\count126
\g__cctab_stack_int=\count127
)
(/usr/share/texlive/texmf-dist/tex/latex/l3kernel/l3candidates.sty
Package: l3candidates 2014/01/06 v4643 L3 Experimental additions to l3kernel
\l__box_top_dim=\dimen137
\l__box_bottom_dim=\dimen138
\l__box_left_dim=\dimen139
\l__box_right_dim=\dimen140
\l__box_top_new_dim=\dimen141
\l__box_bottom_new_dim=\dimen142
\l__box_left_new_dim=\dimen143
\l__box_right_new_dim=\dimen144
\l__box_internal_box=\box42
\l__coffin_bounding_shift_dim=\dimen145
\l__coffin_left_corner_dim=\dimen146
\l__coffin_right_corner_dim=\dimen147
\l__coffin_bottom_corner_dim=\dimen148
\l__coffin_top_corner_dim=\dimen149
\l__coffin_scaled_total_height_dim=\dimen150
\l__coffin_scaled_width_dim=\dimen151
)
(/usr/share/texlive/texmf-dist/tex/generic/oberdiek/ifpdf.sty
Package: ifpdf 2011/01/30 v2.3 Provides the ifpdf switch (HO)
Package ifpdf Info: pdfTeX in PDF mode is detected.
))
Package: xparse 2013/12/31 v4634 L3 Experimental document command parser
\l__xparse_current_arg_int=\count128
\l__xparse_m_args_int=\count129
\l__xparse_mandatory_args_int=\count130
\l__xparse_processor_int=\count131
\l__xparse_v_nesting_int=\count132
)
.................................................
. LaTeX info: "xparse/define-command"
. 
. Defining document command \vnabla with arg. spec. '' on line 25.
.................................................
.................................................
. LaTeX info: "xparse/define-command"
. 
. Defining document command \varE with arg. spec. '' on line 29.
.................................................
.................................................
. LaTeX info: "xparse/define-command"
. 
. Defining document command \ordersymbol with arg. spec. '' on line 30.
.................................................
.................................................
. LaTeX info: "xparse/define-command"
. 
. Defining document command \lparen with arg. spec. '' on line 31.
.................................................
.................................................
. LaTeX info: "xparse/define-command"
. 
. Defining document command \rparen with arg. spec. '' on line 32.
.................................................
.................................................
. LaTeX info: "xparse/define-command"
. 
. Defining document command \quantity with arg. spec. '' on line 35.
.................................................
.................................................
. LaTeX info: "xparse/define-command"
. 
. Defining document command \@quantity with arg. spec. ' t\big t\Big t\bigg
. t\Bigg g o d() d|| ' on line 62.
.................................................
.................................................
. LaTeX info: "xparse/define-command"
. 
. Defining document command \qty with arg. spec. '' on line 63.
.................................................
.................................................
. LaTeX info: "xparse/define-command"
. 
. Defining document command \pqty with arg. spec. ' l m ' on line 64.
.................................................
.................................................
. LaTeX info: "xparse/define-command"
. 
. Defining document command \bqty with arg. spec. ' l m ' on line 65.
.................................................
.................................................
. LaTeX info: "xparse/define-command"
. 
. Defining document command \Bqty with arg. spec. ' l m ' on line 66.
.................................................
.................................................
. LaTeX info: "xparse/define-command"
. 
. Defining document command \vqty with arg. spec. ' l m ' on line 67.
.................................................
.................................................
. LaTeX info: "xparse/define-command"
. 
. Defining document command \pmqty with arg. spec. 'm' on line 70.
.................................................
.................................................
. LaTeX info: "xparse/define-command"
. 
. Defining document command \Pmqty with arg. spec. 'm' on line 71.
.................................................
.................................................
. LaTeX info: "xparse/define-command"
. 
. Defining document command \bmqty with arg. spec. 'm' on line 72.
.................................................
.................................................
. LaTeX info: "xparse/define-command"
. 
. Defining document command \vmqty with arg. spec. 'm' on line 73.
.................................................
.................................................
. LaTeX info: "xparse/define-command"
. 
. Defining document command \matrixquantity with arg. spec. '' on line 74.
.................................................
.................................................
. LaTeX info: "xparse/define-command"
. 
. Defining document command \@matrixquantity with arg. spec. ' s g o d() d|| '
. on line 100.
.................................................
.................................................
. LaTeX info: "xparse/define-command"
. 
. Defining document command \mqty with arg. spec. '' on line 101.
.................................................
.................................................
. LaTeX info: "xparse/define-command"
. 
. Defining document command \matrixdeterminant with arg. spec. 'm' on line
. 102.
.................................................
.................................................
. LaTeX info: "xparse/define-command"
. 
. Defining document command \mdet with arg. spec. '' on line 103.
.................................................
.................................................
. LaTeX info: "xparse/define-command"
. 
. Defining document command \spmqty with arg. spec. 'm' on line 105.
.................................................
.................................................
. LaTeX info: "xparse/define-command"
. 
. Defining document command \sPmqty with arg. spec. 'm' on line 106.
.................................................
.................................................
. LaTeX info: "xparse/define-command"
. 
. Defining document command \sbmqty with arg. spec. 'm' on line 107.
.................................................
.................................................
. LaTeX info: "xparse/define-command"
. 
. Defining document command \svmqty with arg. spec. 'm' on line 108.
.................................................
.................................................
. LaTeX info: "xparse/define-command"
. 
. Defining document command \smallmatrixquantity with arg. spec. ' s g o d()
. d|| ' on line 133.
.................................................
.................................................
. LaTeX info: "xparse/define-command"
. 
. Defining document command \smqty with arg. spec. '' on line 134.
.................................................
.................................................
. LaTeX info: "xparse/define-command"
. 
. Defining document command \smallmatrixdeterminant with arg. spec. 'm' on
. line 135.
.................................................
.................................................
. LaTeX info: "xparse/define-command"
. 
. Defining document command \smdet with arg. spec. '' on line 136.
.................................................
.................................................
. LaTeX info: "xparse/define-command"
. 
. Defining document command \argopen with arg. spec. 's' on line 138.
.................................................
.................................................
. LaTeX info: "xparse/define-command"
. 
. Defining document command \argclose with arg. spec. 's' on line 139.
.................................................
.................................................
. LaTeX info: "xparse/define-command"
. 
. Defining document command \braces with arg. spec. '' on line 141.
.................................................
.................................................
. LaTeX info: "xparse/define-command"
. 
. Defining document command \@braces with arg. spec. ' s t\big t\Big t\bigg
. t\Bigg m m m ' on line 156.
.................................................
.................................................
. LaTeX info: "xparse/define-command"
. 
. Defining document command \fbraces with arg. spec. ' s t\big t\Big t\bigg
. t\Bigg m m m m ' on line 174.
.................................................
.................................................
. LaTeX info: "xparse/define-command"
. 
. Defining document command \absolutevalue with arg. spec. ' l m ' on line
. 176.
.................................................
.................................................
. LaTeX info: "xparse/define-command"
. 
. Defining document command \abs with arg. spec. '' on line 177.
.................................................
.................................................
. LaTeX info: "xparse/define-command"
. 
. Defining document command \norm with arg. spec. ' l m ' on line 178.
.................................................
.................................................
. LaTeX info: "xparse/define-command"
. 
. Defining document command \order with arg. spec. ' l m ' on line 179.
.................................................
.................................................
. LaTeX info: "xparse/define-command"
. 
. Defining document command \evaluated with arg. spec. ' s g d[| d(| ' on line
. 194.
.................................................
.................................................
. LaTeX info: "xparse/define-command"
. 
. Defining document command \eval with arg. spec. '' on line 195.
.................................................
.................................................
. LaTeX info: "xparse/define-command"
. 
. Defining document command \poissonbracket with arg. spec. ' l m m ' on line
. 197.
.................................................
.................................................
. LaTeX info: "xparse/define-command"
. 
. Defining document command \pb with arg. spec. '' on line 198.
.................................................
.................................................
. LaTeX info: "xparse/define-command"
. 
. Defining document command \commutator with arg. spec. ' l m m ' on line 201.
.................................................
.................................................
. LaTeX info: "xparse/define-command"
. 
. Defining document command \comm with arg. spec. '' on line 202.
.................................................
.................................................
. LaTeX info: "xparse/define-command"
. 
. Defining document command \anticommutator with arg. spec. ' l m m ' on line
. 203.
.................................................
.................................................
. LaTeX info: "xparse/define-command"
. 
. Defining document command \acommutator with arg. spec. '' on line 204.
.................................................
.................................................
. LaTeX info: "xparse/define-command"
. 
. Defining document command \acomm with arg. spec. '' on line 205.
.................................................
.................................................
. LaTeX info: "xparse/define-command"
. 
. Defining document command \vectorbold with arg. spec. ' s m ' on line 208.
.................................................
.................................................
. LaTeX info: "xparse/define-command"
. 
. Defining document command \vb with arg. spec. '' on line 209.
.................................................
.................................................
. LaTeX info: "xparse/define-command"
. 
. Defining document command \vectorarrow with arg. spec. ' s m ' on line 211.
.................................................
.................................................
. LaTeX info: "xparse/define-command"
. 
. Defining document command \va with arg. spec. '' on line 212.
.................................................
.................................................
. LaTeX info: "xparse/define-command"
. 
. Defining document command \vectorunit with arg. spec. ' s m ' on line 214.
.................................................
.................................................
. LaTeX info: "xparse/define-command"
. 
. Defining document command \vu with arg. spec. '' on line 215.
.................................................
.................................................
. LaTeX info: "xparse/define-command"
. 
. Defining document command \dotproduct with arg. spec. '' on line 217.
.................................................
.................................................
. LaTeX info: "xparse/define-command"
. 
. Defining document command \vdot with arg. spec. '' on line 218.
.................................................
.................................................
. LaTeX info: "xparse/define-command"
. 
. Defining document command \crossproduct with arg. spec. '' on line 220.
.................................................
.................................................
. LaTeX info: "xparse/define-command"
. 
. Defining document command \cross with arg. spec. '' on line 221.
.................................................
.................................................
. LaTeX info: "xparse/define-command"
. 
. Defining document command \cp with arg. spec. '' on line 222.
.................................................
.................................................
. LaTeX info: "xparse/define-command"
. 
. Defining document command \gradient with arg. spec. ' g o d() ' on line 232.
.................................................
.................................................
. LaTeX info: "xparse/define-command"
. 
. Defining document command \grad with arg. spec. '' on line 233.
.................................................
.................................................
. LaTeX info: "xparse/define-command"
. 
. Defining document command \divergence with arg. spec. ' g o d() ' on line
. 243.
.................................................
.................................................
. LaTeX info: "xparse/define-command"
. 
. Defining document command \div with arg. spec. '' on line 246.
.................................................
.................................................
. LaTeX info: "xparse/define-command"
. 
. Defining document command \curl with arg. spec. ' g o d() ' on line 256.
.................................................
.................................................
. LaTeX info: "xparse/define-command"
. 
. Defining document command \laplacian with arg. spec. ' g o d() ' on line
. 266.
.................................................
.................................................
. LaTeX info: "xparse/define-command"
. 
. Defining document command \principalvalue with arg. spec. 'g' on line 274.
.................................................
.................................................
. LaTeX info: "xparse/define-command"
. 
. Defining document command \pv with arg. spec. '' on line 275.
.................................................
.................................................
. LaTeX info: "xparse/define-command"
. 
. Defining document command \PV with arg. spec. 'g' on line 276.
.................................................

*************************************************
* LaTeX warning: "xparse/redefine-command"
* 
* Redefining document command \Re with arg. spec. 'g' on line 277.
*************************************************
*************************************************
* LaTeX warning: "xparse/redefine-command"
* 
* Redefining document command \Im with arg. spec. 'g' on line 278.
*************************************************
.................................................
. LaTeX info: "xparse/define-command"
. 
. Defining document command \opbraces with arg. spec. ' m g o d() ' on line
. 299.
.................................................
.................................................
. LaTeX info: "xparse/define-command"
. 
. Defining document command \trigbraces with arg. spec. ' m o d() ' on line
. 305.
.................................................
*************************************************
* LaTeX warning: "xparse/redefine-command"
* 
* Redefining document command \sin with arg. spec. '' on line 309.
*************************************************
*************************************************
* LaTeX warning: "xparse/redefine-command"
* 
* Redefining document command \cos with arg. spec. '' on line 310.
*************************************************
*************************************************
* LaTeX warning: "xparse/redefine-command"
* 
* Redefining document command \tan with arg. spec. '' on line 311.
*************************************************
*************************************************
* LaTeX warning: "xparse/redefine-command"
* 
* Redefining document command \csc with arg. spec. '' on line 312.
*************************************************
*************************************************
* LaTeX warning: "xparse/redefine-command"
* 
* Redefining document command \sec with arg. spec. '' on line 313.
*************************************************
*************************************************
* LaTeX warning: "xparse/redefine-command"
* 
* Redefining document command \cot with arg. spec. '' on line 314.
*************************************************
*************************************************
* LaTeX warning: "xparse/redefine-command"
* 
* Redefining document command \arcsin with arg. spec. '' on line 316.
*************************************************
*************************************************
* LaTeX warning: "xparse/redefine-command"
* 
* Redefining document command \arccos with arg. spec. '' on line 317.
*************************************************
*************************************************
* LaTeX warning: "xparse/redefine-command"
* 
* Redefining document command \arctan with arg. spec. '' on line 318.
*************************************************
.................................................
. LaTeX info: "xparse/define-command"
. 
. Defining document command \arccsc with arg. spec. '' on line 320.
.................................................
.................................................
. LaTeX info: "xparse/define-command"
. 
. Defining document command \arcsec with arg. spec. '' on line 322.
.................................................
.................................................
. LaTeX info: "xparse/define-command"
. 
. Defining document command \arccot with arg. spec. '' on line 324.
.................................................
.................................................
. LaTeX info: "xparse/define-command"
. 
. Defining document command \asin with arg. spec. '' on line 327.
.................................................
.................................................
. LaTeX info: "xparse/define-command"
. 
. Defining document command \acos with arg. spec. '' on line 329.
.................................................
.................................................
. LaTeX info: "xparse/define-command"
. 
. Defining document command \atan with arg. spec. '' on line 331.
.................................................
.................................................
. LaTeX info: "xparse/define-command"
. 
. Defining document command \acsc with arg. spec. '' on line 333.
.................................................
.................................................
. LaTeX info: "xparse/define-command"
. 
. Defining document command \asec with arg. spec. '' on line 335.
.................................................
.................................................
. LaTeX info: "xparse/define-command"
. 
. Defining document command \acot with arg. spec. '' on line 337.
.................................................
*************************************************
* LaTeX warning: "xparse/redefine-command"
* 
* Redefining document command \sinh with arg. spec. '' on line 339.
*************************************************
*************************************************
* LaTeX warning: "xparse/redefine-command"
* 
* Redefining document command \cosh with arg. spec. '' on line 340.
*************************************************
*************************************************
* LaTeX warning: "xparse/redefine-command"
* 
* Redefining document command \tanh with arg. spec. '' on line 341.
*************************************************
.................................................
. LaTeX info: "xparse/define-command"
. 
. Defining document command \csch with arg. spec. '' on line 343.
.................................................
.................................................
. LaTeX info: "xparse/define-command"
. 
. Defining document command \sech with arg. spec. '' on line 345.
.................................................
*************************************************
* LaTeX warning: "xparse/redefine-command"
* 
* Redefining document command \coth with arg. spec. '' on line 346.
*************************************************
*************************************************
* LaTeX warning: "xparse/redefine-command"
* 
* Redefining document command \exp with arg. spec. '' on line 348.
*************************************************
*************************************************
* LaTeX warning: "xparse/redefine-command"
* 
* Redefining document command \log with arg. spec. '' on line 349.
*************************************************
*************************************************
* LaTeX warning: "xparse/redefine-command"
* 
* Redefining document command \ln with arg. spec. '' on line 350.
*************************************************
*************************************************
* LaTeX warning: "xparse/redefine-command"
* 
* Redefining document command \det with arg. spec. '' on line 351.
*************************************************
*************************************************
* LaTeX warning: "xparse/redefine-command"
* 
* Redefining document command \Pr with arg. spec. '' on line 352.
*************************************************
.................................................
. LaTeX info: "xparse/define-command"
. 
. Defining document command \tr with arg. spec. '' on line 353.
.................................................
.................................................
. LaTeX info: "xparse/define-command"
. 
. Defining document command \Tr with arg. spec. '' on line 354.
.................................................
.................................................
. LaTeX info: "xparse/define-command"
. 
. Defining document command \Res with arg. spec. '' on line 355.
.................................................
.................................................
. LaTeX info: "xparse/define-command"
. 
. Defining document command \qqtext with arg. spec. ' s m ' on line 377.
.................................................
.................................................
. LaTeX info: "xparse/define-command"
. 
. Defining document command \qq with arg. spec. '' on line 378.
.................................................
.................................................
. LaTeX info: "xparse/define-command"
. 
. Defining document command \qcomma with arg. spec. '' on line 380.
.................................................
.................................................
. LaTeX info: "xparse/define-command"
. 
. Defining document command \qc with arg. spec. '' on line 381.
.................................................
.................................................
. LaTeX info: "xparse/define-command"
. 
. Defining document command \qif with arg. spec. 's' on line 383.
.................................................
.................................................
. LaTeX info: "xparse/define-command"
. 
. Defining document command \qthen with arg. spec. 's' on line 384.
.................................................
.................................................
. LaTeX info: "xparse/define-command"
. 
. Defining document command \qelse with arg. spec. 's' on line 385.
.................................................
.................................................
. LaTeX info: "xparse/define-command"
. 
. Defining document command \qotherwise with arg. spec. 's' on line 386.
.................................................
.................................................
. LaTeX info: "xparse/define-command"
. 
. Defining document command \qunless with arg. spec. 's' on line 387.
.................................................
.................................................
. LaTeX info: "xparse/define-command"
. 
. Defining document command \qgiven with arg. spec. 's' on line 388.
.................................................
.................................................
. LaTeX info: "xparse/define-command"
. 
. Defining document command \qusing with arg. spec. 's' on line 389.
.................................................
.................................................
. LaTeX info: "xparse/define-command"
. 
. Defining document command \qassume with arg. spec. 's' on line 390.
.................................................
.................................................
. LaTeX info: "xparse/define-command"
. 
. Defining document command \qsince with arg. spec. 's' on line 391.
.................................................
.................................................
. LaTeX info: "xparse/define-command"
. 
. Defining document command \qlet with arg. spec. 's' on line 392.
.................................................
.................................................
. LaTeX info: "xparse/define-command"
. 
. Defining document command \qfor with arg. spec. 's' on line 393.
.................................................
.................................................
. LaTeX info: "xparse/define-command"
. 
. Defining document command \qall with arg. spec. 's' on line 394.
.................................................
.................................................
. LaTeX info: "xparse/define-command"
. 
. Defining document command \qeven with arg. spec. 's' on line 395.
.................................................
.................................................
. LaTeX info: "xparse/define-command"
. 
. Defining document command \qodd with arg. spec. 's' on line 396.
.................................................
.................................................
. LaTeX info: "xparse/define-command"
. 
. Defining document command \qinteger with arg. spec. 's' on line 397.
.................................................
.................................................
. LaTeX info: "xparse/define-command"
. 
. Defining document command \qand with arg. spec. 's' on line 398.
.................................................
.................................................
. LaTeX info: "xparse/define-command"
. 
. Defining document command \qor with arg. spec. 's' on line 399.
.................................................
.................................................
. LaTeX info: "xparse/define-command"
. 
. Defining document command \qas with arg. spec. 's' on line 400.
.................................................
.................................................
. LaTeX info: "xparse/define-command"
. 
. Defining document command \qin with arg. spec. 's' on line 401.
.................................................
.................................................
. LaTeX info: "xparse/define-command"
. 
. Defining document command \qcc with arg. spec. 's' on line 402.
.................................................
.................................................
. LaTeX info: "xparse/define-command"
. 
. Defining document command \differential with arg. spec. ' o g d() ' on line
. 415.
.................................................
.................................................
. LaTeX info: "xparse/define-command"
. 
. Defining document command \dd with arg. spec. '' on line 416.
.................................................
.................................................
. LaTeX info: "xparse/define-command"
. 
. Defining document command \derivative with arg. spec. ' s o m g d() ' on
. line 435.
.................................................
.................................................
. LaTeX info: "xparse/define-command"
. 
. Defining document command \dv with arg. spec. '' on line 436.
.................................................
.................................................
. LaTeX info: "xparse/define-command"
. 
. Defining document command \partialderivative with arg. spec. ' s o m g g d()
. ' on line 460.
.................................................
.................................................
. LaTeX info: "xparse/define-command"
. 
. Defining document command \pderivative with arg. spec. '' on line 461.
.................................................
.................................................
. LaTeX info: "xparse/define-command"
. 
. Defining document command \pdv with arg. spec. '' on line 462.
.................................................
.................................................
. LaTeX info: "xparse/define-command"
. 
. Defining document command \variation with arg. spec. ' o g d() ' on line
. 474.
.................................................
.................................................
. LaTeX info: "xparse/define-command"
. 
. Defining document command \var with arg. spec. '' on line 475.
.................................................
.................................................
. LaTeX info: "xparse/define-command"
. 
. Defining document command \functionalderivative with arg. spec. ' s o m g
. d() ' on line 494.
.................................................
.................................................
. LaTeX info: "xparse/define-command"
. 
. Defining document command \fderivative with arg. spec. '' on line 495.
.................................................
.................................................
. LaTeX info: "xparse/define-command"
. 
. Defining document command \fdv with arg. spec. '' on line 496.
.................................................
.................................................
. LaTeX info: "xparse/define-command"
. 
. Defining document command \bra with arg. spec. ' s m t\ket s g ' on line
. 526.
.................................................
.................................................
. LaTeX info: "xparse/define-command"
. 
. Defining document command \ket with arg. spec. ' s m ' on line 533.
.................................................
.................................................
. LaTeX info: "xparse/define-command"
. 
. Defining document command \innerproduct with arg. spec. ' s m g ' on line
. 548.
.................................................
.................................................
. LaTeX info: "xparse/define-command"
. 
. Defining document command \braket with arg. spec. '' on line 549.
.................................................
.................................................
. LaTeX info: "xparse/define-command"
. 
. Defining document command \ip with arg. spec. '' on line 550.
.................................................
.................................................
. LaTeX info: "xparse/define-command"
. 
. Defining document command \outerproduct with arg. spec. ' s m g ' on line
. 565.
.................................................
.................................................
. LaTeX info: "xparse/define-command"
. 
. Defining document command \dyad with arg. spec. '' on line 566.
.................................................
.................................................
. LaTeX info: "xparse/define-command"
. 
. Defining document command \op with arg. spec. '' on line 567.
.................................................
.................................................
. LaTeX info: "xparse/define-command"
. 
. Defining document command \ketbra with arg. spec. '' on line 568.
.................................................
.................................................
. LaTeX info: "xparse/define-command"
. 
. Defining document command \expectationvalue with arg. spec. ' s s m g ' on
. line 587.
.................................................
.................................................
. LaTeX info: "xparse/define-command"
. 
. Defining document command \expval with arg. spec. '' on line 588.
.................................................
.................................................
. LaTeX info: "xparse/define-command"
. 
. Defining document command \ev with arg. spec. '' on line 589.
.................................................
.................................................
. LaTeX info: "xparse/define-command"
. 
. Defining document command \vev with arg. spec. ' m ' on line 590.
.................................................
.................................................
. LaTeX info: "xparse/define-command"
. 
. Defining document command \matrixelement with arg. spec. ' s s m m m ' on
. line 601.
.................................................
.................................................
. LaTeX info: "xparse/define-command"
. 
. Defining document command \matrixel with arg. spec. '' on line 602.
.................................................
.................................................
. LaTeX info: "xparse/define-command"
. 
. Defining document command \mel with arg. spec. '' on line 603.
.................................................
.................................................
. LaTeX info: "xparse/define-command"
. 
. Defining document command \identitymatrix with arg. spec. 'm' on line 633.
.................................................
.................................................
. LaTeX info: "xparse/define-command"
. 
. Defining document command \imat with arg. spec. '' on line 634.
.................................................
.................................................
. LaTeX info: "xparse/define-command"
. 
. Defining document command \xmatrix with arg. spec. ' s m m m ' on line 659.
.................................................
.................................................
. LaTeX info: "xparse/define-command"
. 
. Defining document command \xmat with arg. spec. '' on line 660.
.................................................
.................................................
. LaTeX info: "xparse/define-command"
. 
. Defining document command \zeromatrix with arg. spec. ' m g ' on line 662.
.................................................
.................................................
. LaTeX info: "xparse/define-command"
. 
. Defining document command \zmat with arg. spec. '' on line 663.
.................................................
.................................................
. LaTeX info: "xparse/define-command"
. 
. Defining document command \paulixmatrix with arg. spec. '' on line 665.
.................................................
.................................................
. LaTeX info: "xparse/define-command"
. 
. Defining document command \pauliymatrix with arg. spec. '' on line 666.
.................................................
.................................................
. LaTeX info: "xparse/define-command"
. 
. Defining document command \paulizmatrix with arg. spec. '' on line 667.
.................................................
.................................................
. LaTeX info: "xparse/define-command"
. 
. Defining document command \paulimatrix with arg. spec. 'm' on line 678.
.................................................
.................................................
. LaTeX info: "xparse/define-command"
. 
. Defining document command \pmat with arg. spec. '' on line 679.
.................................................
.................................................
. LaTeX info: "xparse/define-command"
. 
. Defining document command \diagonalmatrix with arg. spec. 'O{} >{\SplitList
. {,}}m ' on line 681.
.................................................
.................................................
. LaTeX info: "xparse/define-command"
. 
. Defining document command \@dmat with arg. spec. 'mmggggggg' on line 714.
.................................................
.................................................
. LaTeX info: "xparse/define-command"
. 
. Defining document command \dmat with arg. spec. '' on line 715.
.................................................
.................................................
. LaTeX info: "xparse/define-command"
. 
. Defining document command \antidiagonalmatrix with arg. spec. 'O{}
. >{\SplitList {,}}m ' on line 717.
.................................................
.................................................
. LaTeX info: "xparse/define-command"
. 
. Defining document command \@admat with arg. spec. 'mmggggggg' on line 750.
.................................................
.................................................
. LaTeX info: "xparse/define-command"
. 
. Defining document command \admat with arg. spec. '' on line 751.
.................................................
.................................................
. LaTeX info: "xparse/define-command"
. 
. Defining document command \flatfrac with arg. spec. ' m m ' on line 754.
.................................................
.................................................
. LaTeX info: "xparse/define-command"
. 
. Defining document command \homework with arg. spec. '' on line 764.
.................................................
) (/usr/share/texlive/texmf-dist/tex/latex/base/inputenc.sty
Package: inputenc 2008/03/30 v1.1d Input encoding file
\inpenc@prehook=\toks20
\inpenc@posthook=\toks21

(/usr/share/texlive/texmf-dist/tex/latex/base/utf8.def
File: utf8.def 2008/04/05 v1.1m UTF-8 support for inputenc
Now handling font encoding OML ...
... no UTF-8 mapping file for font encoding OML
Now handling font encoding T1 ...
... processing UTF-8 mapping file for font encoding T1

(/usr/share/texlive/texmf-dist/tex/latex/base/t1enc.dfu
File: t1enc.dfu 2008/04/05 v1.1m UTF-8 support for inputenc
   defining Unicode char U+00A1 (decimal 161)
   defining Unicode char U+00A3 (decimal 163)
   defining Unicode char U+00AB (decimal 171)
   defining Unicode char U+00BB (decimal 187)
   defining Unicode char U+00BF (decimal 191)
   defining Unicode char U+00C0 (decimal 192)
   defining Unicode char U+00C1 (decimal 193)
   defining Unicode char U+00C2 (decimal 194)
   defining Unicode char U+00C3 (decimal 195)
   defining Unicode char U+00C4 (decimal 196)
   defining Unicode char U+00C5 (decimal 197)
   defining Unicode char U+00C6 (decimal 198)
   defining Unicode char U+00C7 (decimal 199)
   defining Unicode char U+00C8 (decimal 200)
   defining Unicode char U+00C9 (decimal 201)
   defining Unicode char U+00CA (decimal 202)
   defining Unicode char U+00CB (decimal 203)
   defining Unicode char U+00CC (decimal 204)
   defining Unicode char U+00CD (decimal 205)
   defining Unicode char U+00CE (decimal 206)
   defining Unicode char U+00CF (decimal 207)
   defining Unicode char U+00D0 (decimal 208)
   defining Unicode char U+00D1 (decimal 209)
   defining Unicode char U+00D2 (decimal 210)
   defining Unicode char U+00D3 (decimal 211)
   defining Unicode char U+00D4 (decimal 212)
   defining Unicode char U+00D5 (decimal 213)
   defining Unicode char U+00D6 (decimal 214)
   defining Unicode char U+00D8 (decimal 216)
   defining Unicode char U+00D9 (decimal 217)
   defining Unicode char U+00DA (decimal 218)
   defining Unicode char U+00DB (decimal 219)
   defining Unicode char U+00DC (decimal 220)
   defining Unicode char U+00DD (decimal 221)
   defining Unicode char U+00DE (decimal 222)
   defining Unicode char U+00DF (decimal 223)
   defining Unicode char U+00E0 (decimal 224)
   defining Unicode char U+00E1 (decimal 225)
   defining Unicode char U+00E2 (decimal 226)
   defining Unicode char U+00E3 (decimal 227)
   defining Unicode char U+00E4 (decimal 228)
   defining Unicode char U+00E5 (decimal 229)
   defining Unicode char U+00E6 (decimal 230)
   defining Unicode char U+00E7 (decimal 231)
   defining Unicode char U+00E8 (decimal 232)
   defining Unicode char U+00E9 (decimal 233)
   defining Unicode char U+00EA (decimal 234)
   defining Unicode char U+00EB (decimal 235)
   defining Unicode char U+00EC (decimal 236)
   defining Unicode char U+00ED (decimal 237)
   defining Unicode char U+00EE (decimal 238)
   defining Unicode char U+00EF (decimal 239)
   defining Unicode char U+00F0 (decimal 240)
   defining Unicode char U+00F1 (decimal 241)
   defining Unicode char U+00F2 (decimal 242)
   defining Unicode char U+00F3 (decimal 243)
   defining Unicode char U+00F4 (decimal 244)
   defining Unicode char U+00F5 (decimal 245)
   defining Unicode char U+00F6 (decimal 246)
   defining Unicode char U+00F8 (decimal 248)
   defining Unicode char U+00F9 (decimal 249)
   defining Unicode char U+00FA (decimal 250)
   defining Unicode char U+00FB (decimal 251)
   defining Unicode char U+00FC (decimal 252)
   defining Unicode char U+00FD (decimal 253)
   defining Unicode char U+00FE (decimal 254)
   defining Unicode char U+00FF (decimal 255)
   defining Unicode char U+0102 (decimal 258)
   defining Unicode char U+0103 (decimal 259)
   defining Unicode char U+0104 (decimal 260)
   defining Unicode char U+0105 (decimal 261)
   defining Unicode char U+0106 (decimal 262)
   defining Unicode char U+0107 (decimal 263)
   defining Unicode char U+010C (decimal 268)
   defining Unicode char U+010D (decimal 269)
   defining Unicode char U+010E (decimal 270)
   defining Unicode char U+010F (decimal 271)
   defining Unicode char U+0110 (decimal 272)
   defining Unicode char U+0111 (decimal 273)
   defining Unicode char U+0118 (decimal 280)
   defining Unicode char U+0119 (decimal 281)
   defining Unicode char U+011A (decimal 282)
   defining Unicode char U+011B (decimal 283)
   defining Unicode char U+011E (decimal 286)
   defining Unicode char U+011F (decimal 287)
   defining Unicode char U+0130 (decimal 304)
   defining Unicode char U+0131 (decimal 305)
   defining Unicode char U+0132 (decimal 306)
   defining Unicode char U+0133 (decimal 307)
   defining Unicode char U+0139 (decimal 313)
   defining Unicode char U+013A (decimal 314)
   defining Unicode char U+013D (decimal 317)
   defining Unicode char U+013E (decimal 318)
   defining Unicode char U+0141 (decimal 321)
   defining Unicode char U+0142 (decimal 322)
   defining Unicode char U+0143 (decimal 323)
   defining Unicode char U+0144 (decimal 324)
   defining Unicode char U+0147 (decimal 327)
   defining Unicode char U+0148 (decimal 328)
   defining Unicode char U+014A (decimal 330)
   defining Unicode char U+014B (decimal 331)
   defining Unicode char U+0150 (decimal 336)
   defining Unicode char U+0151 (decimal 337)
   defining Unicode char U+0152 (decimal 338)
   defining Unicode char U+0153 (decimal 339)
   defining Unicode char U+0154 (decimal 340)
   defining Unicode char U+0155 (decimal 341)
   defining Unicode char U+0158 (decimal 344)
   defining Unicode char U+0159 (decimal 345)
   defining Unicode char U+015A (decimal 346)
   defining Unicode char U+015B (decimal 347)
   defining Unicode char U+015E (decimal 350)
   defining Unicode char U+015F (decimal 351)
   defining Unicode char U+0160 (decimal 352)
   defining Unicode char U+0161 (decimal 353)
   defining Unicode char U+0162 (decimal 354)
   defining Unicode char U+0163 (decimal 355)
   defining Unicode char U+0164 (decimal 356)
   defining Unicode char U+0165 (decimal 357)
   defining Unicode char U+016E (decimal 366)
   defining Unicode char U+016F (decimal 367)
   defining Unicode char U+0170 (decimal 368)
   defining Unicode char U+0171 (decimal 369)
   defining Unicode char U+0178 (decimal 376)
   defining Unicode char U+0179 (decimal 377)
   defining Unicode char U+017A (decimal 378)
   defining Unicode char U+017B (decimal 379)
   defining Unicode char U+017C (decimal 380)
   defining Unicode char U+017D (decimal 381)
   defining Unicode char U+017E (decimal 382)
   defining Unicode char U+200C (decimal 8204)
   defining Unicode char U+2013 (decimal 8211)
   defining Unicode char U+2014 (decimal 8212)
   defining Unicode char U+2018 (decimal 8216)
   defining Unicode char U+2019 (decimal 8217)
   defining Unicode char U+201A (decimal 8218)
   defining Unicode char U+201C (decimal 8220)
   defining Unicode char U+201D (decimal 8221)
   defining Unicode char U+201E (decimal 8222)
   defining Unicode char U+2030 (decimal 8240)
   defining Unicode char U+2031 (decimal 8241)
   defining Unicode char U+2039 (decimal 8249)
   defining Unicode char U+203A (decimal 8250)
   defining Unicode char U+2423 (decimal 9251)
)
Now handling font encoding OT1 ...
... processing UTF-8 mapping file for font encoding OT1

(/usr/share/texlive/texmf-dist/tex/latex/base/ot1enc.dfu
File: ot1enc.dfu 2008/04/05 v1.1m UTF-8 support for inputenc
   defining Unicode char U+00A1 (decimal 161)
   defining Unicode char U+00A3 (decimal 163)
   defining Unicode char U+00B8 (decimal 184)
   defining Unicode char U+00BF (decimal 191)
   defining Unicode char U+00C5 (decimal 197)
   defining Unicode char U+00C6 (decimal 198)
   defining Unicode char U+00D8 (decimal 216)
   defining Unicode char U+00DF (decimal 223)
   defining Unicode char U+00E6 (decimal 230)
   defining Unicode char U+00EC (decimal 236)
   defining Unicode char U+00ED (decimal 237)
   defining Unicode char U+00EE (decimal 238)
   defining Unicode char U+00EF (decimal 239)
   defining Unicode char U+00F8 (decimal 248)
   defining Unicode char U+0131 (decimal 305)
   defining Unicode char U+0141 (decimal 321)
   defining Unicode char U+0142 (decimal 322)
   defining Unicode char U+0152 (decimal 338)
   defining Unicode char U+0153 (decimal 339)
   defining Unicode char U+2013 (decimal 8211)
   defining Unicode char U+2014 (decimal 8212)
   defining Unicode char U+2018 (decimal 8216)
   defining Unicode char U+2019 (decimal 8217)
   defining Unicode char U+201C (decimal 8220)
   defining Unicode char U+201D (decimal 8221)
)
Now handling font encoding OMS ...
... processing UTF-8 mapping file for font encoding OMS

(/usr/share/texlive/texmf-dist/tex/latex/base/omsenc.dfu
File: omsenc.dfu 2008/04/05 v1.1m UTF-8 support for inputenc
   defining Unicode char U+00A7 (decimal 167)
   defining Unicode char U+00B6 (decimal 182)
   defining Unicode char U+00B7 (decimal 183)
   defining Unicode char U+2020 (decimal 8224)
   defining Unicode char U+2021 (decimal 8225)
   defining Unicode char U+2022 (decimal 8226)
)
Now handling font encoding OMX ...
... no UTF-8 mapping file for font encoding OMX
Now handling font encoding U ...
... no UTF-8 mapping file for font encoding U
   defining Unicode char U+00A9 (decimal 169)
   defining Unicode char U+00AA (decimal 170)
   defining Unicode char U+00AE (decimal 174)
   defining Unicode char U+00BA (decimal 186)
   defining Unicode char U+02C6 (decimal 710)
   defining Unicode char U+02DC (decimal 732)
   defining Unicode char U+200C (decimal 8204)
   defining Unicode char U+2026 (decimal 8230)
   defining Unicode char U+2122 (decimal 8482)
   defining Unicode char U+2423 (decimal 9251)
))
(/usr/share/texlive/texmf-dist/tex/latex/geometry/geometry.sty
Package: geometry 2010/09/12 v5.6 Page Geometry

(/usr/share/texlive/texmf-dist/tex/generic/oberdiek/ifvtex.sty
Package: ifvtex 2010/03/01 v1.5 Detect VTeX and its facilities (HO)
Package ifvtex Info: VTeX not detected.
)
(/usr/share/texlive/texmf-dist/tex/generic/ifxetex/ifxetex.sty
Package: ifxetex 2010/09/12 v0.6 Provides ifxetex conditional
)
\Gm@cnth=\count133
\Gm@cntv=\count134
\c@Gm@tempcnt=\count135
\Gm@bindingoffset=\dimen152
\Gm@wd@mp=\dimen153
\Gm@odd@mp=\dimen154
\Gm@even@mp=\dimen155
\Gm@layoutwidth=\dimen156
\Gm@layoutheight=\dimen157
\Gm@layouthoffset=\dimen158
\Gm@layoutvoffset=\dimen159
\Gm@dimlist=\toks22
)
(./Transfert_de_style.aux)
\openout1 = `Transfert_de_style.aux'.

LaTeX Font Info:    Checking defaults for OML/cmm/m/it on input line 16.
LaTeX Font Info:    ... okay on input line 16.
LaTeX Font Info:    Checking defaults for T1/cmr/m/n on input line 16.
LaTeX Font Info:    ... okay on input line 16.
LaTeX Font Info:    Checking defaults for OT1/cmr/m/n on input line 16.
LaTeX Font Info:    ... okay on input line 16.
LaTeX Font Info:    Checking defaults for OMS/cmsy/m/n on input line 16.
LaTeX Font Info:    ... okay on input line 16.
LaTeX Font Info:    Checking defaults for OMX/cmex/m/n on input line 16.
LaTeX Font Info:    ... okay on input line 16.
LaTeX Font Info:    Checking defaults for U/cmr/m/n on input line 16.
LaTeX Font Info:    ... okay on input line 16.

(/usr/share/texlive/texmf-dist/tex/context/base/supp-pdf.mkii
[Loading MPS to PDF converter (version 2006.09.02).]
\scratchcounter=\count136
\scratchdimen=\dimen160
\scratchbox=\box43
\nofMPsegments=\count137
\nofMParguments=\count138
\everyMPshowfont=\toks23
\MPscratchCnt=\count139
\MPscratchDim=\dimen161
\MPnumerator=\count140
\makeMPintoPDFobject=\count141
\everyMPtoPDFconversion=\toks24
) (/usr/share/texlive/texmf-dist/tex/generic/oberdiek/pdftexcmds.sty
Package: pdftexcmds 2011/11/29 v0.20 Utility functions of pdfTeX for LuaTeX (HO
)

(/usr/share/texlive/texmf-dist/tex/generic/oberdiek/ifluatex.sty
Package: ifluatex 2010/03/01 v1.3 Provides the ifluatex switch (HO)
Package ifluatex Info: LuaTeX not detected.
)
Package pdftexcmds Info: LuaTeX not detected.
Package pdftexcmds Info: \pdf@primitive is available.
Package pdftexcmds Info: \pdf@ifprimitive is available.
Package pdftexcmds Info: \pdfdraftmode found.
)
(/usr/share/texlive/texmf-dist/tex/latex/oberdiek/epstopdf-base.sty
Package: epstopdf-base 2010/02/09 v2.5 Base part for package epstopdf

(/usr/share/texlive/texmf-dist/tex/latex/oberdiek/grfext.sty
Package: grfext 2010/08/19 v1.1 Manage graphics extensions (HO)

(/usr/share/texlive/texmf-dist/tex/generic/oberdiek/kvdefinekeys.sty
Package: kvdefinekeys 2011/04/07 v1.3 Define keys (HO)
))
(/usr/share/texlive/texmf-dist/tex/latex/oberdiek/kvoptions.sty
Package: kvoptions 2011/06/30 v3.11 Key value format for package options (HO)

(/usr/share/texlive/texmf-dist/tex/generic/oberdiek/kvsetkeys.sty
Package: kvsetkeys 2012/04/25 v1.16 Key value parser (HO)

(/usr/share/texlive/texmf-dist/tex/generic/oberdiek/etexcmds.sty
Package: etexcmds 2011/02/16 v1.5 Avoid name clashes with e-TeX commands (HO)
Package etexcmds Info: Could not find \expanded.
(etexcmds)             That can mean that you are not using pdfTeX 1.50 or
(etexcmds)             that some package has redefined \expanded.
(etexcmds)             In the latter case, load this package earlier.
)))
Package grfext Info: Graphics extension search list:
(grfext)             [.png,.pdf,.jpg,.mps,.jpeg,.jbig2,.jb2,.PNG,.PDF,.JPG,.JPE
G,.JBIG2,.JB2,.eps]
(grfext)             \AppendGraphicsExtensions on input line 452.

(/usr/share/texlive/texmf-dist/tex/latex/latexconfig/epstopdf-sys.cfg
File: epstopdf-sys.cfg 2010/07/13 v1.3 Configuration of (r)epstopdf for TeX Liv
e
))
Package caption Info: Begin \AtBeginDocument code.
Package caption Info: End \AtBeginDocument code.

*geometry* driver: auto-detecting
*geometry* detected driver: pdftex
*geometry* verbose mode - [ preamble ] result:
* driver: pdftex
* paper: <default>
* layout: <same size as paper>
* layoutoffset:(h,v)=(0.0pt,0.0pt)
* modes: 
* h-part:(L,W,R)=(56.9055pt, 500.484pt, 56.9055pt)
* v-part:(T,H,B)=(85.35826pt, 624.25346pt, 85.35826pt)
* \paperwidth=614.295pt
* \paperheight=794.96999pt
* \textwidth=500.484pt
* \textheight=624.25346pt
* \oddsidemargin=-15.36449pt
* \evensidemargin=-15.36449pt
* \topmargin=-23.91173pt
* \headheight=12.0pt
* \headsep=25.0pt
* \topskip=10.0pt
* \footskip=30.0pt
* \marginparwidth=54.2025pt
* \marginparsep=11.0pt
* \columnsep=10.0pt
* \skip\footins=9.0pt plus 4.0pt minus 2.0pt
* \hoffset=0.0pt
* \voffset=0.0pt
* \mag=1000
* \@twocolumnfalse
* \@twosidefalse
* \@mparswitchfalse
* \@reversemarginfalse
* (1in=72.27pt=25.4mm, 1cm=28.453pt)

[1

{/var/lib/texmf/fonts/map/pdftex/updmap/pdftex.map}]
<../Images/paris.jpg, id=14, 481.8pt x 481.8pt>
File: ../Images/paris.jpg Graphic file (type jpg)
 <use ../Images/paris.jpg>
Package pdftex.def Info: ../Images/paris.jpg used on input line 98.
(pdftex.def)             Requested size: 192.6874pt x 192.68716pt.

<../Images/starry_night.jpg, id=15, 586.3031pt x 456.01352pt>
File: ../Images/starry_night.jpg Graphic file (type jpg)

<use ../Images/starry_night.jpg>
Package pdftex.def Info: ../Images/starry_night.jpg used on input line 102.
(pdftex.def)             Requested size: 245.23607pt x 190.73808pt.
 [2]
<../Images/transfer/paris_starrynight_w_06_01_01_01_01.jpg, id=24, 224.84pt x 2
24.84pt>
File: ../Images/transfer/paris_starrynight_w_06_01_01_01_01.jpg Graphic file (t
ype jpg)
 <use ../Images/transfer/paris_starrynight_w_06_01_01_01_01.jpg>
Package pdftex.def Info: ../Images/transfer/paris_starrynight_w_06_01_01_01_01.
jpg used on input line 128.
(pdftex.def)             Requested size: 98.09293pt x 98.09279pt.

<../Images/transfer/paris_starrynight_w_035_025_02_015_005.jpg, id=25, 224.84pt
 x 224.84pt>
File: ../Images/transfer/paris_starrynight_w_035_025_02_015_005.jpg Graphic fil
e (type jpg)

<use ../Images/transfer/paris_starrynight_w_035_025_02_015_005.jpg>
Package pdftex.def Info: ../Images/transfer/paris_starrynight_w_035_025_02_015_
005.jpg used on input line 132.
(pdftex.def)             Requested size: 98.09293pt x 98.09279pt.

<../Images/transfer/paris_starrynight_w_01_01_06_01_01.jpg, id=26, 224.84pt x 2
24.84pt>
File: ../Images/transfer/paris_starrynight_w_01_01_06_01_01.jpg Graphic file (t
ype jpg)
 <use ../Images/transfer/paris_starrynight_w_01_01_06_01_01.jpg>
Package pdftex.def Info: ../Images/transfer/paris_starrynight_w_01_01_06_01_01.
jpg used on input line 136.
(pdftex.def)             Requested size: 98.09293pt x 98.09279pt.

<../Images/transfer/paris_starrynight_w_005_015_02_025_035.jpg, id=27, 224.84pt
 x 224.84pt>
File: ../Images/transfer/paris_starrynight_w_005_015_02_025_035.jpg Graphic fil
e (type jpg)

<use ../Images/transfer/paris_starrynight_w_005_015_02_025_035.jpg>
Package pdftex.def Info: ../Images/transfer/paris_starrynight_w_005_015_02_025_
035.jpg used on input line 140.
(pdftex.def)             Requested size: 98.09293pt x 98.09279pt.

<../Images/transfer/paris_starrynight_w_01_01_01_01_06.jpg, id=28, 224.84pt x 2
24.84pt>
File: ../Images/transfer/paris_starrynight_w_01_01_01_01_06.jpg Graphic file (t
ype jpg)
 <use ../Images/transfer/paris_starrynight_w_01_01_01_01_06.jpg>
Package pdftex.def Info: ../Images/transfer/paris_starrynight_w_01_01_01_01_06.
jpg used on input line 144.
(pdftex.def)             Requested size: 98.09293pt x 98.09279pt.

<../Images/transfer/paris_starrynight_c_conv_1_2.jpg, id=29, 224.84pt x 224.84p
t>
File: ../Images/transfer/paris_starrynight_c_conv_1_2.jpg Graphic file (type jp
g)
 <use ../Images/transfer/paris_starrynight_c_conv_1_2.jpg>
Package pdftex.def Info: ../Images/transfer/paris_starrynight_c_conv_1_2.jpg us
ed on input line 159.
(pdftex.def)             Requested size: 98.09293pt x 98.09279pt.

<../Images/transfer/paris_starrynight_c_conv_2_2.jpg, id=30, 224.84pt x 224.84p
t>
File: ../Images/transfer/paris_starrynight_c_conv_2_2.jpg Graphic file (type jp
g)
 <use ../Images/transfer/paris_starrynight_c_conv_2_2.jpg>
Package pdftex.def Info: ../Images/transfer/paris_starrynight_c_conv_2_2.jpg us
ed on input line 163.
(pdftex.def)             Requested size: 98.09293pt x 98.09279pt.

<../Images/transfer/paris_starrynight_c_conv_3_2.jpg, id=31, 224.84pt x 224.84p
t>
File: ../Images/transfer/paris_starrynight_c_conv_3_2.jpg Graphic file (type jp
g)
 <use ../Images/transfer/paris_starrynight_c_conv_3_2.jpg>
Package pdftex.def Info: ../Images/transfer/paris_starrynight_c_conv_3_2.jpg us
ed on input line 167.
(pdftex.def)             Requested size: 98.09293pt x 98.09279pt.

<../Images/transfer/paris_starrynight_1e4_500.jpg, id=32, 224.84pt x 224.84pt>
File: ../Images/transfer/paris_starrynight_1e4_500.jpg Graphic file (type jpg)

<use ../Images/transfer/paris_starrynight_1e4_500.jpg>
Package pdftex.def Info: ../Images/transfer/paris_starrynight_1e4_500.jpg used 
on input line 171.
(pdftex.def)             Requested size: 98.09293pt x 98.09279pt.

<../Images/transfer/paris_starrynight_c_conv_5_2.jpg, id=33, 224.84pt x 224.84p
t>
File: ../Images/transfer/paris_starrynight_c_conv_5_2.jpg Graphic file (type jp
g)
 <use ../Images/transfer/paris_starrynight_c_conv_5_2.jpg>
Package pdftex.def Info: ../Images/transfer/paris_starrynight_c_conv_5_2.jpg us
ed on input line 175.
(pdftex.def)             Requested size: 98.09293pt x 98.09279pt.
 [3 <../Images/paris.jpg> <../Images/starry_night.jpg>]
<../Images/transfer/paris_starrynight_1e4_5.jpg, id=38, 224.84pt x 224.84pt>
File: ../Images/transfer/paris_starrynight_1e4_5.jpg Graphic file (type jpg)

<use ../Images/transfer/paris_starrynight_1e4_5.jpg>
Package pdftex.def Info: ../Images/transfer/paris_starrynight_1e4_5.jpg used on
 input line 190.
(pdftex.def)             Requested size: 98.09293pt x 98.09279pt.

<../Images/transfer/paris_starrynight_1e4_50.jpg, id=39, 224.84pt x 224.84pt>
File: ../Images/transfer/paris_starrynight_1e4_50.jpg Graphic file (type jpg)

<use ../Images/transfer/paris_starrynight_1e4_50.jpg>
Package pdftex.def Info: ../Images/transfer/paris_starrynight_1e4_50.jpg used o
n input line 194.
(pdftex.def)             Requested size: 98.09293pt x 98.09279pt.

<../Images/transfer/paris_starrynight_1e4_100.jpg, id=40, 224.84pt x 224.84pt>
File: ../Images/transfer/paris_starrynight_1e4_100.jpg Graphic file (type jpg)

<use ../Images/transfer/paris_starrynight_1e4_100.jpg>
Package pdftex.def Info: ../Images/transfer/paris_starrynight_1e4_100.jpg used 
on input line 198.
(pdftex.def)             Requested size: 98.09293pt x 98.09279pt.

<../Images/transfer/paris_starrynight_1e4_250.jpg, id=41, 224.84pt x 224.84pt>
File: ../Images/transfer/paris_starrynight_1e4_250.jpg Graphic file (type jpg)

<use ../Images/transfer/paris_starrynight_1e4_250.jpg>
Package pdftex.def Info: ../Images/transfer/paris_starrynight_1e4_250.jpg used 
on input line 202.
(pdftex.def)             Requested size: 98.09293pt x 98.09279pt.
File: ../Images/transfer/paris_starrynight_1e4_500.jpg Graphic file (type jpg)

<use ../Images/transfer/paris_starrynight_1e4_500.jpg>
Package pdftex.def Info: ../Images/transfer/paris_starrynight_1e4_500.jpg used 
on input line 206.
(pdftex.def)             Requested size: 98.09293pt x 98.09279pt.

<../Images/transfer/paris_starrynight_1e0_500.jpg, id=42, 224.84pt x 224.84pt>
File: ../Images/transfer/paris_starrynight_1e0_500.jpg Graphic file (type jpg)

<use ../Images/transfer/paris_starrynight_1e0_500.jpg>
Package pdftex.def Info: ../Images/transfer/paris_starrynight_1e0_500.jpg used 
on input line 222.
(pdftex.def)             Requested size: 78.47734pt x 78.4756pt.

<../Images/transfer/paris_starrynight_1e1_500.jpg, id=43, 224.84pt x 224.84pt>
File: ../Images/transfer/paris_starrynight_1e1_500.jpg Graphic file (type jpg)

<use ../Images/transfer/paris_starrynight_1e1_500.jpg>
Package pdftex.def Info: ../Images/transfer/paris_starrynight_1e1_500.jpg used 
on input line 226.
(pdftex.def)             Requested size: 78.47734pt x 78.4756pt.

<../Images/transfer/paris_starrynight_1e2_500.jpg, id=44, 224.84pt x 224.84pt>
File: ../Images/transfer/paris_starrynight_1e2_500.jpg Graphic file (type jpg)

<use ../Images/transfer/paris_starrynight_1e2_500.jpg>
Package pdftex.def Info: ../Images/transfer/paris_starrynight_1e2_500.jpg used 
on input line 230.
(pdftex.def)             Requested size: 78.47734pt x 78.4756pt.

<../Images/transfer/paris_starrynight_1e3_500.jpg, id=45, 224.84pt x 224.84pt>
File: ../Images/transfer/paris_starrynight_1e3_500.jpg Graphic file (type jpg)

<use ../Images/transfer/paris_starrynight_1e3_500.jpg>
Package pdftex.def Info: ../Images/transfer/paris_starrynight_1e3_500.jpg used 
on input line 234.
(pdftex.def)             Requested size: 78.47734pt x 78.4756pt.
File: ../Images/transfer/paris_starrynight_1e4_500.jpg Graphic file (type jpg)

<use ../Images/transfer/paris_starrynight_1e4_500.jpg>
Package pdftex.def Info: ../Images/transfer/paris_starrynight_1e4_500.jpg used 
on input line 238.
(pdftex.def)             Requested size: 78.47734pt x 78.4756pt.

<../Images/transfer/paris_starrynight_1e5_500.jpg, id=46, 224.84pt x 224.84pt>
File: ../Images/transfer/paris_starrynight_1e5_500.jpg Graphic file (type jpg)

<use ../Images/transfer/paris_starrynight_1e5_500.jpg>
Package pdftex.def Info: ../Images/transfer/paris_starrynight_1e5_500.jpg used 
on input line 242.
(pdftex.def)             Requested size: 78.47734pt x 78.4756pt.
 [4 <../Images/transfer/paris_starrynight_w_06_01_01_01_01.jpg> <../Images/tran
sfer/paris_starrynight_w_035_025_02_015_005.jpg> <../Images/transfer/paris_star
rynight_w_01_01_06_01_01.jpg> <../Images/transfer/paris_starrynight_w_005_015_0
2_025_035.jpg> <../Images/transfer/paris_starrynight_w_01_01_01_01_06.jpg> <../
Images/transfer/paris_starrynight_c_conv_1_2.jpg> <../Images/transfer/paris_sta
rrynight_c_conv_2_2.jpg> <../Images/transfer/paris_starrynight_c_conv_3_2.jpg> 
<../Images/transfer/paris_starrynight_1e4_500.jpg> <../Images/transfer/paris_st
arrynight_c_conv_5_2.jpg>]
File: ../Images/transfer/paris_starrynight_1e4_500.jpg Graphic file (type jpg)
 <use ../Images/transfer/paris_starrynight_1e4_500.jpg>
Package pdftex.def Info: ../Images/transfer/paris_starrynight_1e4_500.jpg used 
on input line 256.
(pdftex.def)             Requested size: 123.87047pt x 123.87166pt.

<../Images/transfer/paris_starrynight_MAX.jpg, id=51, 224.84pt x 224.84pt>
File: ../Images/transfer/paris_starrynight_MAX.jpg Graphic file (type jpg)

<use ../Images/transfer/paris_starrynight_MAX.jpg>
Package pdftex.def Info: ../Images/transfer/paris_starrynight_MAX.jpg used on i
nput line 260.
(pdftex.def)             Requested size: 123.87047pt x 123.87166pt.

<../Images/transfer/paris_starrynight_STOCHASTIC.jpg, id=52, 224.84pt x 224.84p
t>
File: ../Images/transfer/paris_starrynight_STOCHASTIC.jpg Graphic file (type jp
g)
 <use ../Images/transfer/paris_starrynight_STOCHASTIC.jpg>
Package pdftex.def Info: ../Images/transfer/paris_starrynight_STOCHASTIC.jpg us
ed on input line 264.
(pdftex.def)             Requested size: 123.87047pt x 123.87166pt.
 [5 <../Images/transfer/paris_starrynight_1e4_5.jpg> <../Images/transfer/paris_
starrynight_1e4_50.jpg> <../Images/transfer/paris_starrynight_1e4_100.jpg> <../
Images/transfer/paris_starrynight_1e4_250.jpg> <../Images/transfer/paris_starry
night_1e0_500.jpg> <../Images/transfer/paris_starrynight_1e1_500.jpg> <../Image
s/transfer/paris_starrynight_1e2_500.jpg> <../Images/transfer/paris_starrynight
_1e3_500.jpg> <../Images/transfer/paris_starrynight_1e5_500.jpg> <../Images/tra
nsfer/paris_starrynight_MAX.jpg> <../Images/transfer/paris_starrynight_STOCHAST
IC.jpg>]
<../Images/tdf.jpg, id=56, 339.2675pt x 336.25626pt>
File: ../Images/tdf.jpg Graphic file (type jpg)
 <use ../Images/tdf.jpg>
Package pdftex.def Info: ../Images/tdf.jpg used on input line 281.
(pdftex.def)             Requested size: 169.63333pt x 168.12772pt.

<../Images//starry_night.jpg, id=57, 586.3031pt x 456.01352pt>
File: ../Images//starry_night.jpg Graphic file (type jpg)

<use ../Images//starry_night.jpg>
Package pdftex.def Info: ../Images//starry_night.jpg used on input line 294.
(pdftex.def)             Requested size: 122.61803pt x 95.36903pt.

<../Images/transfer/tdf_starrynight.jpg, id=58, 224.84pt x 224.84pt>
File: ../Images/transfer/tdf_starrynight.jpg Graphic file (type jpg)

<use ../Images/transfer/tdf_starrynight.jpg>
Package pdftex.def Info: ../Images/transfer/tdf_starrynight.jpg used on input l
ine 298.
(pdftex.def)             Requested size: 122.61803pt x 122.61942pt.

<../Images/Impression_soleil_levant_r.jpg, id=59, 240.9pt x 181.1568pt>
File: ../Images/Impression_soleil_levant_r.jpg Graphic file (type jpg)

<use ../Images/Impression_soleil_levant_r.jpg>
Package pdftex.def Info: ../Images/Impression_soleil_levant_r.jpg used on input
 line 302.
(pdftex.def)             Requested size: 122.61803pt x 92.20906pt.

<../Images/transfer/tdf_impression.jpg, id=60, 224.84pt x 224.84pt>
File: ../Images/transfer/tdf_impression.jpg Graphic file (type jpg)

<use ../Images/transfer/tdf_impression.jpg>
Package pdftex.def Info: ../Images/transfer/tdf_impression.jpg used on input li
ne 306.
(pdftex.def)             Requested size: 122.61803pt x 122.61942pt.
 [6 <../Images/tdf.jpg> <../Images//starry_night.jpg> <../Images/transfer/tdf_s
tarrynight.jpg> <../Images/Impression_soleil_levant_r.jpg> <../Images/transfer/
tdf_impression.jpg>]
<../Images/delacroix.jpg, id=64, 1533.73pt x 2304.61pt>
File: ../Images/delacroix.jpg Graphic file (type jpg)

<use ../Images/delacroix.jpg>
Package pdftex.def Info: ../Images/delacroix.jpg used on input line 320.
(pdftex.def)             Requested size: 122.61803pt x 184.2319pt.

<../Images/transfer/tdf_delacroix.jpg, id=65, 224.84pt x 224.84pt>
File: ../Images/transfer/tdf_delacroix.jpg Graphic file (type jpg)

<use ../Images/transfer/tdf_delacroix.jpg>
Package pdftex.def Info: ../Images/transfer/tdf_delacroix.jpg used on input lin
e 324.
(pdftex.def)             Requested size: 122.61803pt x 122.61942pt.

<../Images/demoiselles.jpg, id=66, 739.26187pt x 772.38562pt>
File: ../Images/demoiselles.jpg Graphic file (type jpg)

<use ../Images/demoiselles.jpg>
Package pdftex.def Info: ../Images/demoiselles.jpg used on input line 328.
(pdftex.def)             Requested size: 122.61803pt x 128.10991pt.

<../Images/transfer/tdf_demoiselles.jpg, id=67, 224.84pt x 224.84pt>
File: ../Images/transfer/tdf_demoiselles.jpg Graphic file (type jpg)

<use ../Images/transfer/tdf_demoiselles.jpg>
Package pdftex.def Info: ../Images/transfer/tdf_demoiselles.jpg used on input l
ine 332.
(pdftex.def)             Requested size: 122.61803pt x 122.61942pt.

<../Images/laitiere.jpg, id=68, 117.43875pt x 134.60287pt>
File: ../Images/laitiere.jpg Graphic file (type jpg)

<use ../Images/laitiere.jpg>
Package pdftex.def Info: ../Images/laitiere.jpg used on input line 346.
(pdftex.def)             Requested size: 122.61803pt x 140.53822pt.

<../Images/transfer/tdf_laitiere.jpg, id=69, 224.84pt x 224.84pt>
File: ../Images/transfer/tdf_laitiere.jpg Graphic file (type jpg)

<use ../Images/transfer/tdf_laitiere.jpg>
Package pdftex.def Info: ../Images/transfer/tdf_laitiere.jpg used on input line
 350.
(pdftex.def)             Requested size: 122.61803pt x 122.61942pt.

<../Images/joconde.jpg, id=70, 642.4pt x 481.8pt>
File: ../Images/joconde.jpg Graphic file (type jpg)
 <use ../Images/joconde.jpg>
Package pdftex.def Info: ../Images/joconde.jpg used on input line 354.
(pdftex.def)             Requested size: 122.61803pt x 91.96199pt.

<../Images/transfer/tdf_joconde.jpg, id=71, 224.84pt x 224.84pt>
File: ../Images/transfer/tdf_joconde.jpg Graphic file (type jpg)

<use ../Images/transfer/tdf_joconde.jpg>
Package pdftex.def Info: ../Images/transfer/tdf_joconde.jpg used on input line 
358.
(pdftex.def)             Requested size: 122.61803pt x 122.61942pt.
 [7 <../Images/delacroix.jpg> <../Images/transfer/tdf_delacroix.jpg> <../Images
/demoiselles.jpg> <../Images/transfer/tdf_demoiselles.jpg>] <../Images/arcimbol
do.jpg, id=76, 300.1614pt x 361.35pt>
File: ../Images/arcimboldo.jpg Graphic file (type jpg)

<use ../Images/arcimboldo.jpg>
Package pdftex.def Info: ../Images/arcimboldo.jpg used on input line 372.
(pdftex.def)             Requested size: 122.61803pt x 147.6141pt.

<../Images/transfer/tdf_arcimboldo.jpg, id=77, 224.84pt x 224.84pt>
File: ../Images/transfer/tdf_arcimboldo.jpg Graphic file (type jpg)

<use ../Images/transfer/tdf_arcimboldo.jpg>
Package pdftex.def Info: ../Images/transfer/tdf_arcimboldo.jpg used on input li
ne 376.
(pdftex.def)             Requested size: 122.61803pt x 122.61942pt.

<../Images/vitraille.jpg, id=78, 958.58125pt x 1300.86pt>
File: ../Images/vitraille.jpg Graphic file (type jpg)

<use ../Images/vitraille.jpg>
Package pdftex.def Info: ../Images/vitraille.jpg used on input line 380.
(pdftex.def)             Requested size: 122.61803pt x 166.39835pt.

<../Images/transfer/tdf_vitraille.jpg, id=79, 224.84pt x 224.84pt>
File: ../Images/transfer/tdf_vitraille.jpg Graphic file (type jpg)

<use ../Images/transfer/tdf_vitraille.jpg>
Package pdftex.def Info: ../Images/transfer/tdf_vitraille.jpg used on input lin
e 384.
(pdftex.def)             Requested size: 122.61803pt x 122.61942pt.
 [8 <../Images/laitiere.jpg> <../Images/transfer/tdf_laitiere.jpg> <../Images/j
oconde.jpg> <../Images/transfer/tdf_joconde.jpg> <../Images/arcimboldo.jpg> <..
/Images/transfer/tdf_arcimboldo.jpg> <../Images/vitraille.jpg> <../Images/trans
fer/tdf_vitraille.jpg>]
<../Images/charlemagne.jpg, id=83, 1053.9375pt x 534.99875pt>
File: ../Images/charlemagne.jpg Graphic file (type jpg)

<use ../Images/charlemagne.jpg>
Package pdftex.def Info: ../Images/charlemagne.jpg used on input line 398.
(pdftex.def)             Requested size: 122.61803pt x 62.23785pt.

<../Images/transfer/tdf_charlemagne.jpg, id=84, 224.84pt x 224.84pt>
File: ../Images/transfer/tdf_charlemagne.jpg Graphic file (type jpg)

<use ../Images/transfer/tdf_charlemagne.jpg>
Package pdftex.def Info: ../Images/transfer/tdf_charlemagne.jpg used on input l
ine 402.
(pdftex.def)             Requested size: 122.61803pt x 122.61942pt.

<../Images/papyrus.jpg, id=85, 414.04688pt x 486.31688pt>
File: ../Images/papyrus.jpg Graphic file (type jpg)

<use ../Images/papyrus.jpg>
Package pdftex.def Info: ../Images/papyrus.jpg used on input line 406.
(pdftex.def)             Requested size: 122.61803pt x 144.01877pt.

<../Images/transfer/tdf_papyrus.jpg, id=86, 224.84pt x 224.84pt>
File: ../Images/transfer/tdf_papyrus.jpg Graphic file (type jpg)

<use ../Images/transfer/tdf_papyrus.jpg>
Package pdftex.def Info: ../Images/transfer/tdf_papyrus.jpg used on input line 
410.
(pdftex.def)             Requested size: 122.61803pt x 122.61942pt.
File: ../Images/paris.jpg Graphic file (type jpg)
 <use ../Images/paris.jpg>
Package pdftex.def Info: ../Images/paris.jpg used on input line 424.
(pdftex.def)             Requested size: 122.61803pt x 122.61844pt.

<../Images/transfer/tdf_paris.jpg, id=87, 224.84pt x 224.84pt>
File: ../Images/transfer/tdf_paris.jpg Graphic file (type jpg)

<use ../Images/transfer/tdf_paris.jpg>
Package pdftex.def Info: ../Images/transfer/tdf_paris.jpg used on input line 42
8.
(pdftex.def)             Requested size: 122.61803pt x 122.61942pt.
 [9 <../Images/charlemagne.jpg> <../Images/transfer/tdf_charlemagne.jpg> <../Im
ages/papyrus.jpg> <../Images/transfer/tdf_papyrus.jpg>] [10 <../Images/transfer
/tdf_paris.jpg>]
(./Transfert_de_style.bbl) [11] (./Transfert_de_style.aux) ) 
Here is how much of TeX's memory you used:
 10039 strings out of 494401
 184981 string characters out of 6164298
 232122 words of memory out of 5000000
 13109 multiletter control sequences out of 15000+600000
 9976 words of font info for 36 fonts, out of 8000000 for 9000
 372 hyphenation exceptions out of 8191
 45i,8n,43p,10446b,356s stack positions out of 5000i,500n,10000p,200000b,80000s
</usr/share/texlive
/texmf-dist/fonts/type1/public/amsfonts/cm/cmbx10.pfb></usr/share/texlive/texmf
-dist/fonts/type1/public/amsfonts/cm/cmbx12.pfb></usr/share/texlive/texmf-dist/
fonts/type1/public/amsfonts/cm/cmbx9.pfb></usr/share/texlive/texmf-dist/fonts/t
ype1/public/amsfonts/cm/cmex10.pfb></usr/share/texlive/texmf-dist/fonts/type1/p
ublic/amsfonts/cm/cmmi10.pfb></usr/share/texlive/texmf-dist/fonts/type1/public/
amsfonts/cm/cmmi12.pfb></usr/share/texlive/texmf-dist/fonts/type1/public/amsfon
ts/cm/cmmi5.pfb></usr/share/texlive/texmf-dist/fonts/type1/public/amsfonts/cm/c
mmi7.pfb></usr/share/texlive/texmf-dist/fonts/type1/public/amsfonts/cm/cmr10.pf
b></usr/share/texlive/texmf-dist/fonts/type1/public/amsfonts/cm/cmr12.pfb></usr
/share/texlive/texmf-dist/fonts/type1/public/amsfonts/cm/cmr17.pfb></usr/share/
texlive/texmf-dist/fonts/type1/public/amsfonts/cm/cmr7.pfb></usr/share/texlive/
texmf-dist/fonts/type1/public/amsfonts/cm/cmr9.pfb></usr/share/texlive/texmf-di
st/fonts/type1/public/amsfonts/cm/cmsy10.pfb></usr/share/texlive/texmf-dist/fon
ts/type1/public/amsfonts/cm/cmti10.pfb>
Output written on Transfert_de_style.pdf (11 pages, 9389111 bytes).
PDF statistics:
 145 PDF objects out of 1000 (max. 8388607)
 71 compressed objects within 1 object stream
 0 named destinations out of 1000 (max. 500000)
 226 words of extra memory for PDF output out of 10000 (max. 10000000)

